[2019-08-03 15:11:46.156] [exthost] [info] extension host started
[2019-08-03 15:11:46.162] [exthost] [info] ExtensionService#_doActivateExtension vscode.python {"startup":false,"activationEvent":"onLanguage:python"}
[2019-08-03 15:11:46.162] [exthost] [info] ExtensionService#loadCommonJSModule /usr/lib/code/extensions/python/out/pythonMain
[2019-08-03 15:11:46.163] [exthost] [info] ExtensionService#_doActivateExtension vscode.debug-auto-launch {"startup":true,"activationEvent":"*"}
[2019-08-03 15:11:46.163] [exthost] [info] ExtensionService#loadCommonJSModule /usr/lib/code/extensions/debug-auto-launch/dist/extension
[2019-08-03 15:11:46.166] [exthost] [info] ExtensionService#_doActivateExtension vscode.emmet {"startup":true,"activationEvent":"*"}
[2019-08-03 15:11:46.166] [exthost] [info] ExtensionService#loadCommonJSModule /usr/lib/code/extensions/emmet/dist/extension
[2019-08-03 15:11:46.174] [exthost] [info] ExtensionService#_doActivateExtension vscode.git {"startup":true,"activationEvent":"*"}
[2019-08-03 15:11:46.174] [exthost] [info] ExtensionService#loadCommonJSModule /usr/lib/code/extensions/git/dist/main
[2019-08-03 15:11:46.230] [exthost] [info] ExtensionService#_doActivateExtension vscode.merge-conflict {"startup":true,"activationEvent":"*"}
[2019-08-03 15:11:46.230] [exthost] [info] ExtensionService#loadCommonJSModule /usr/lib/code/extensions/merge-conflict/dist/extension
[2019-08-03 15:11:46.233] [exthost] [info] ExtensionService#_doActivateExtension vscodevim.vim {"startup":true,"activationEvent":"*"}
[2019-08-03 15:11:46.233] [exthost] [info] ExtensionService#loadCommonJSModule /home/j/.vscode-oss/extensions/vscodevim.vim-1.9.0/out/extension
[2019-08-03 15:11:46.415] [exthost] [info] eager extensions activated
[2019-08-03 15:12:03.286] [exthost] [info] ExtensionService#_doActivateExtension ms-vscode.node-debug2 {"startup":false,"activationEvent":"onDebugInitialConfigurations"}
[2019-08-03 15:12:03.286] [exthost] [info] ExtensionService#loadCommonJSModule /usr/lib/code/extensions/ms-vscode.node-debug2/out/src/extension
[2019-08-03 15:12:03.299] [exthost] [info] ExtensionService#_doActivateExtension ms-vscode.node-debug {"startup":false,"activationEvent":"onDebugInitialConfigurations"}
[2019-08-03 15:12:03.299] [exthost] [info] ExtensionService#loadCommonJSModule /usr/lib/code/extensions/ms-vscode.node-debug/dist/extension.js
[2019-08-03 15:12:05.073] [exthost] [info] ExtensionService#_doActivateExtension vscode.debug-server-ready {"startup":false,"activationEvent":"onDebugResolve"}
[2019-08-03 15:12:05.073] [exthost] [info] ExtensionService#loadCommonJSModule /usr/lib/code/extensions/debug-server-ready/dist/extension
[2019-08-03 15:12:14.727] [exthost] [info] extension host started
[2019-08-03 15:12:14.741] [exthost] [info] ExtensionService#_doActivateExtension vscode.python {"startup":false,"activationEvent":"onLanguage:python"}
[2019-08-03 15:12:14.741] [exthost] [info] ExtensionService#loadCommonJSModule /usr/lib/code/extensions/python/out/pythonMain
[2019-08-03 15:12:14.741] [exthost] [info] ExtensionService#_doActivateExtension vscode.debug-auto-launch {"startup":true,"activationEvent":"*"}
[2019-08-03 15:12:14.742] [exthost] [info] ExtensionService#loadCommonJSModule /usr/lib/code/extensions/debug-auto-launch/dist/extension
[2019-08-03 15:12:14.744] [exthost] [info] ExtensionService#_doActivateExtension vscode.emmet {"startup":true,"activationEvent":"*"}
[2019-08-03 15:12:14.744] [exthost] [info] ExtensionService#loadCommonJSModule /usr/lib/code/extensions/emmet/dist/extension
[2019-08-03 15:12:14.754] [exthost] [info] ExtensionService#_doActivateExtension vscode.git {"startup":true,"activationEvent":"*"}
[2019-08-03 15:12:14.754] [exthost] [info] ExtensionService#loadCommonJSModule /usr/lib/code/extensions/git/dist/main
[2019-08-03 15:12:14.809] [exthost] [info] ExtensionService#_doActivateExtension vscode.merge-conflict {"startup":true,"activationEvent":"*"}
[2019-08-03 15:12:14.809] [exthost] [info] ExtensionService#loadCommonJSModule /usr/lib/code/extensions/merge-conflict/dist/extension
[2019-08-03 15:12:14.812] [exthost] [info] ExtensionService#_doActivateExtension vscodevim.vim {"startup":true,"activationEvent":"*"}
[2019-08-03 15:12:14.812] [exthost] [info] ExtensionService#loadCommonJSModule /home/j/.vscode-oss/extensions/vscodevim.vim-1.9.0/out/extension
[2019-08-03 15:12:14.995] [exthost] [info] eager extensions activated
[2019-08-03 15:12:31.164] [exthost] [info] ExtensionService#_doActivateExtension ms-python.python {"startup":false,"activationEvent":"onLanguage:python"}
[2019-08-03 15:12:31.164] [exthost] [info] ExtensionService#loadCommonJSModule /home/j/.vscode-oss/extensions/ms-python.python-2019.6.24221/out/client/extension
[2019-08-03 15:12:44.661] [exthost] [info] ExtensionService#_doActivateExtension vscode.debug-server-ready {"startup":false,"activationEvent":"onDebugResolve"}
[2019-08-03 15:12:44.661] [exthost] [info] ExtensionService#loadCommonJSModule /usr/lib/code/extensions/debug-server-ready/dist/extension
